2018-08-08 03:45:01,172 INFO pgsql_big_dedupe_example_init_db:76 extracting Illinois-campaign-contributions.txt.zip
2018-08-08 03:45:05,652 INFO pgsql_big_dedupe_example_init_db:86 converting tab-delimited raw file to csv...
2018-08-08 03:45:56,162 INFO pgsql_big_dedupe_example_init_db:95 skipping bad row (length 30, expected 29):
2018-08-08 03:45:56,164 INFO pgsql_big_dedupe_example_init_db:96 ['3215737', 'Chico & Nunes, P.C.', '', '333 West Wacker Drive, Suite 1650', '333 West Wacker Drive', 'Suite 1800', 'Chicago', 'IL', '60606     ', '', '08/23/2010', '0.0000', '250.0000', 'Individual Contribution', '', '', '', '', '', '', '', '  ', '          ', '', '  ', '    ', '07/01/2010', '12/31/2010', 'Citizens for David E Miller', '14923']
2018-08-08 03:45:57,018 INFO pgsql_big_dedupe_example_init_db:95 skipping bad row (length 30, expected 29):
2018-08-08 03:45:57,019 INFO pgsql_big_dedupe_example_init_db:96 ['3319005', 'Donnelly', 'Bruce', '23790 N Hillfarm Rd', '23790 N', '', 'Lake Barrington', 'IL', '60010     ', '', '05/19/2011', '0.0000', '200.0000', 'Individual Contribution', '', '', '', '', '', '', '', '  ', '          ', '', '  ', '    ', '04/01/2011', '06/30/2011', 'Lake County Republican Federation', '89']
2018-08-08 03:45:58,085 INFO pgsql_big_dedupe_example_init_db:95 skipping bad row (length 30, expected 29):
2018-08-08 03:45:58,086 INFO pgsql_big_dedupe_example_init_db:96 ['3368195', "Fletcher O'Brien Kasper & Nottage P.C.", '', '222 North LaSalle Street', 'Suite 30', '', 'Chicago', 'IL', '60601     ', '', '09/03/2011', '0.0000', '300.0000', 'Individual Contribution', '', '', '', '', '', '', '', '  ', '          ', '', '  ', '    ', '07/01/2011', '09/30/2011', 'Committee to Elect Rich Morthland', '22181']
2018-08-08 03:46:02,934 INFO pgsql_big_dedupe_example_init_db:95 skipping bad row (length 30, expected 29):
2018-08-08 03:46:02,940 INFO pgsql_big_dedupe_example_init_db:96 ['3505014', 'Michae lE.Sweeney', '& Associates', '', '221 N. LaSalle #1748', '', 'Chicago', 'IL', '60601     ', '', '02/14/2012', '0.0000', '500.0000', 'Transfer In', '', '', '', '', '', '', '', '  ', '          ', '', '  ', '    ', '01/01/2012', '03/31/2012', '1st Ward Democratic Committeeman Fund', '21057']
2018-08-08 03:46:02,941 INFO pgsql_big_dedupe_example_init_db:95 skipping bad row (length 30, expected 29):
2018-08-08 03:46:02,942 INFO pgsql_big_dedupe_example_init_db:96 ['3505016', 'Law', 'Offices Luis A. Aceces & Associates', '', '33 N. Dearborn St. #2201', '', 'Chicago', 'IL', '60602     ', '', '02/15/2012', '0.0000', '250.0000', 'Transfer In', '', '', '', '', '', '', '', '  ', '          ', '', '  ', '    ', '01/01/2012', '03/31/2012', '1st Ward Democratic Committeeman Fund', '21057']
2018-08-08 03:46:03,993 INFO pgsql_big_dedupe_example_init_db:95 skipping bad row (length 30, expected 29):
2018-08-08 03:46:03,996 INFO pgsql_big_dedupe_example_init_db:96 ['3505023', 'Mercado', 'Nelson', '2326 S. Westover', 'Ave', '', 'North Riverside', 'IL', '60546     ', '', '03/01/2012', '0.0000', '250.0000', 'Individual Contribution', '', '', '', '', '', '', '', '  ', '          ', '', '  ', '    ', '01/01/2012', '03/31/2012', '1st Ward Democratic Committeeman Fund', '21057']
2018-08-08 03:46:03,997 INFO pgsql_big_dedupe_example_init_db:95 skipping bad row (length 31, expected 29):
2018-08-08 03:46:03,998 INFO pgsql_big_dedupe_example_init_db:96 ['3505027', 'Travellers', 'Wine Bar', 'DBA J. Patricks Bucktown', '', '1547 N. Milwaukee', '', 'Chicago', 'IL', '60622     ', '', '03/01/2012', '0.0000', '200.0000', 'Transfer In', '', '', '', '', '', '', '', '  ', '          ', '', '  ', '    ', '01/01/2012', '03/31/2012', '1st Ward Democratic Committeeman Fund', '21057']
2018-08-08 03:46:07,719 INFO pgsql_big_dedupe_example_init_db:108 database config loaded...
2018-08-08 03:46:07,720 INFO pgsql_big_dedupe_example_init_db:110 checking if database exists...
2018-08-08 03:46:09,117 INFO pgsql_big_dedupe_example_init_db:126 DB didnt exist, now it does...
2018-08-08 03:46:09,120 INFO pgsql_big_dedupe_example_init_db:130 re-connecting specifically to database...
2018-08-08 03:46:09,160 INFO pgsql_big_dedupe_example_init_db:139 loading intarray extension...
2018-08-08 03:46:09,281 INFO pgsql_big_dedupe_example_init_db:148 re-creating any tables (if they exist)...
2018-08-08 03:46:09,310 INFO pgsql_big_dedupe_example_init_db:172 importing raw data from csv...
2018-08-08 03:47:09,245 INFO pgsql_big_dedupe_example_init_db:190 creating donors table...
2018-08-08 03:47:09,299 INFO pgsql_big_dedupe_example_init_db:200 populating donors table...
2018-08-08 03:47:58,655 INFO pgsql_big_dedupe_example_init_db:212 creating indexes on donors table...
2018-08-08 03:48:07,718 INFO pgsql_big_dedupe_example_init_db:218 creating recipients table...
2018-08-08 03:48:07,736 INFO pgsql_big_dedupe_example_init_db:223 populating recipients table...
2018-08-08 03:48:08,865 INFO pgsql_big_dedupe_example_init_db:229 creating contributions table...
2018-08-08 03:48:08,871 INFO pgsql_big_dedupe_example_init_db:244 populating contributions table...
2018-08-08 03:49:13,149 INFO pgsql_big_dedupe_example_init_db:269 creating indexes on contributions...
2018-08-08 03:49:36,298 INFO pgsql_big_dedupe_example_init_db:275 nullifying empty strings in donors...
2018-08-08 03:50:22,213 INFO pgsql_big_dedupe_example_init_db:291 creating processed_donors...
2018-08-08 03:50:37,089 INFO pgsql_big_dedupe_example_init_db:310 creating index on processed_donors...
2018-08-08 03:50:38,038 INFO pgsql_big_dedupe_example_init_db:317 ETL job completed
