2018-08-13 17:45:03,037 INFO smallPostGre_example_init_db:76 extracting small_Illinois-campaign-contributions.txt.zip
2018-08-13 17:45:07,771 INFO smallPostGre_example_init_db:108 database config loaded...
2018-08-13 17:45:07,772 INFO smallPostGre_example_init_db:110 checking if database exists...
2018-08-13 17:45:09,894 INFO smallPostGre_example_init_db:126 DB didnt exist, now it does...
2018-08-13 17:45:09,899 INFO smallPostGre_example_init_db:130 re-connecting specifically to database...
2018-08-13 17:46:03,855 INFO smallPostGre_example_init_db:76 extracting small_Illinois-campaign-contributions.txt.zip
2018-08-13 17:46:08,558 INFO smallPostGre_example_init_db:108 database config loaded...
2018-08-13 17:46:08,559 INFO smallPostGre_example_init_db:110 checking if database exists...
2018-08-13 17:46:08,586 INFO smallPostGre_example_init_db:128 DB already exists, lets continue...
2018-08-13 17:46:08,586 INFO smallPostGre_example_init_db:130 re-connecting specifically to database...
2018-08-13 17:46:08,602 INFO smallPostGre_example_init_db:139 loading intarray extension...
2018-08-13 17:46:08,759 INFO smallPostGre_example_init_db:148 re-creating any tables (if they exist)...
2018-08-13 17:46:08,794 INFO smallPostGre_example_init_db:172 importing raw data from csv...
2018-08-13 17:46:09,065 INFO smallPostGre_example_init_db:190 creating donors table...
2018-08-13 17:46:09,103 INFO smallPostGre_example_init_db:200 populating donors table...
2018-08-13 17:46:09,278 INFO smallPostGre_example_init_db:212 creating indexes on donors table...
2018-08-13 17:46:09,551 INFO smallPostGre_example_init_db:218 creating recipients table...
2018-08-13 17:46:09,562 INFO smallPostGre_example_init_db:223 populating recipients table...
2018-08-13 17:46:09,580 INFO smallPostGre_example_init_db:229 creating contributions table...
2018-08-13 17:46:09,586 INFO smallPostGre_example_init_db:244 populating contributions table...
2018-08-13 17:46:09,863 INFO smallPostGre_example_init_db:269 creating indexes on contributions...
2018-08-13 17:46:09,943 INFO smallPostGre_example_init_db:275 nullifying empty strings in donors...
2018-08-13 17:46:10,267 INFO smallPostGre_example_init_db:291 creating processed_donors...
2018-08-13 17:46:10,390 INFO smallPostGre_example_init_db:310 creating index on processed_donors...
2018-08-13 17:46:10,422 INFO smallPostGre_example_init_db:317 ETL job completed
2018-08-13 18:01:41,804 INFO smallPostGre_example_init_db:109 database config loaded...
2018-08-13 18:01:41,805 INFO smallPostGre_example_init_db:111 checking if database exists...
2018-08-13 18:01:41,824 INFO smallPostGre_example_init_db:129 DB already exists, lets continue...
2018-08-13 18:01:41,825 INFO smallPostGre_example_init_db:131 re-connecting specifically to database...
2018-08-13 18:01:41,839 INFO smallPostGre_example_init_db:140 loading intarray extension...
2018-08-13 18:01:41,842 INFO smallPostGre_example_init_db:145 extension already loaded
2018-08-13 18:02:57,884 INFO smallPostGre_example_init_db:109 database config loaded...
2018-08-13 18:02:57,890 INFO smallPostGre_example_init_db:111 checking if database exists...
2018-08-13 18:02:57,908 INFO smallPostGre_example_init_db:129 DB already exists, lets continue...
2018-08-13 18:02:57,908 INFO smallPostGre_example_init_db:131 re-connecting specifically to database...
2018-08-13 18:02:57,921 INFO smallPostGre_example_init_db:140 loading intarray extension...
2018-08-13 18:02:57,923 INFO smallPostGre_example_init_db:145 extension already loaded
2018-08-13 18:02:57,925 INFO smallPostGre_example_init_db:149 re-creating any tables (if they exist)...
2018-08-13 18:05:18,402 INFO smallPostGre_example_init_db:106 database config loaded...
2018-08-13 18:05:18,408 INFO smallPostGre_example_init_db:108 checking if database exists...
2018-08-13 18:05:18,426 INFO smallPostGre_example_init_db:126 DB already exists, lets continue...
2018-08-13 18:05:18,427 INFO smallPostGre_example_init_db:128 re-connecting specifically to database...
2018-08-13 18:05:18,440 INFO smallPostGre_example_init_db:137 loading intarray extension...
2018-08-13 18:05:18,442 INFO smallPostGre_example_init_db:142 extension already loaded
2018-08-13 18:05:18,445 INFO smallPostGre_example_init_db:148 re-creating any tables (if they exist)...
2018-08-13 18:05:18,562 INFO smallPostGre_example_init_db:172 importing raw data from csv...
2018-08-13 18:12:57,572 INFO smallPostGre_example_init_db:106 database config loaded...
2018-08-13 18:12:57,573 INFO smallPostGre_example_init_db:108 checking if database exists...
2018-08-13 18:12:57,591 INFO smallPostGre_example_init_db:126 DB already exists, lets continue...
2018-08-13 18:12:57,592 INFO smallPostGre_example_init_db:128 re-connecting specifically to database...
2018-08-13 18:12:57,604 INFO smallPostGre_example_init_db:137 loading intarray extension...
2018-08-13 18:12:57,605 INFO smallPostGre_example_init_db:142 extension already loaded
2018-08-13 18:12:57,608 INFO smallPostGre_example_init_db:148 re-creating any tables (if they exist)...
2018-08-13 18:12:57,654 INFO smallPostGre_example_init_db:172 importing raw data from csv...
2018-08-13 18:13:56,089 INFO smallPostGre_example_init_db:190 creating donors table...
2018-08-13 18:13:56,105 INFO smallPostGre_example_init_db:200 populating donors table...
2018-08-13 18:14:46,040 INFO smallPostGre_example_init_db:212 creating indexes on donors table...
2018-08-13 18:14:53,938 INFO smallPostGre_example_init_db:218 creating recipients table...
2018-08-13 18:14:53,954 INFO smallPostGre_example_init_db:223 populating recipients table...
2018-08-13 18:15:01,456 INFO smallPostGre_example_init_db:229 creating contributions table...
2018-08-13 18:15:01,466 INFO smallPostGre_example_init_db:244 populating contributions table...
2018-08-13 18:16:37,740 INFO smallPostGre_example_init_db:269 creating indexes on contributions...
2018-08-13 18:17:05,631 INFO smallPostGre_example_init_db:275 nullifying empty strings in donors...
2018-08-13 18:18:14,261 INFO smallPostGre_example_init_db:291 creating processed_donors...
2018-08-13 18:18:41,074 INFO smallPostGre_example_init_db:310 creating index on processed_donors...
2018-08-13 18:18:42,328 INFO smallPostGre_example_init_db:317 ETL job completed
2018-08-13 18:31:49,325 INFO smallPostGre_example_init_db:106 database config loaded...
2018-08-13 18:31:49,326 INFO smallPostGre_example_init_db:108 checking if database exists...
2018-08-13 18:31:49,361 INFO smallPostGre_example_init_db:126 DB already exists, lets continue...
2018-08-13 18:31:49,362 INFO smallPostGre_example_init_db:128 re-connecting specifically to database...
2018-08-13 18:31:49,377 INFO smallPostGre_example_init_db:137 loading intarray extension...
2018-08-13 18:31:49,385 INFO smallPostGre_example_init_db:142 extension already loaded
2018-08-13 18:31:49,387 INFO smallPostGre_example_init_db:148 re-creating any tables (if they exist)...
2018-08-13 18:31:50,190 INFO smallPostGre_example_init_db:172 importing raw data from csv...
2018-08-13 18:32:20,569 INFO smallPostGre_example_init_db:106 database config loaded...
2018-08-13 18:32:20,572 INFO smallPostGre_example_init_db:108 checking if database exists...
2018-08-13 18:32:20,593 INFO smallPostGre_example_init_db:126 DB already exists, lets continue...
2018-08-13 18:32:20,601 INFO smallPostGre_example_init_db:128 re-connecting specifically to database...
2018-08-13 18:32:20,619 INFO smallPostGre_example_init_db:137 loading intarray extension...
2018-08-13 18:32:20,621 INFO smallPostGre_example_init_db:142 extension already loaded
2018-08-13 18:32:20,623 INFO smallPostGre_example_init_db:148 re-creating any tables (if they exist)...
2018-08-13 18:32:20,700 INFO smallPostGre_example_init_db:172 importing raw data from csv...
2018-08-13 18:49:20,292 INFO smallPostGre_example_init_db:106 database config loaded...
2018-08-13 18:49:20,294 INFO smallPostGre_example_init_db:108 checking if database exists...
2018-08-13 18:49:20,316 INFO smallPostGre_example_init_db:126 DB already exists, lets continue...
2018-08-13 18:49:20,316 INFO smallPostGre_example_init_db:128 re-connecting specifically to database...
2018-08-13 18:49:20,330 INFO smallPostGre_example_init_db:137 loading intarray extension...
2018-08-13 18:49:20,332 INFO smallPostGre_example_init_db:142 extension already loaded
2018-08-13 18:49:20,334 INFO smallPostGre_example_init_db:148 re-creating any tables (if they exist)...
2018-08-13 18:49:20,456 INFO smallPostGre_example_init_db:172 importing raw data from csv...
2018-08-13 18:49:20,937 INFO smallPostGre_example_init_db:190 creating donors table...
2018-08-13 18:49:20,969 INFO smallPostGre_example_init_db:200 populating donors table...
2018-08-13 18:49:21,161 INFO smallPostGre_example_init_db:212 creating indexes on donors table...
2018-08-13 18:49:21,301 INFO smallPostGre_example_init_db:218 creating recipients table...
2018-08-13 18:49:21,320 INFO smallPostGre_example_init_db:223 populating recipients table...
2018-08-13 18:49:21,338 INFO smallPostGre_example_init_db:229 creating contributions table...
2018-08-13 18:49:21,344 INFO smallPostGre_example_init_db:244 populating contributions table...
2018-08-13 18:49:22,291 INFO smallPostGre_example_init_db:269 creating indexes on contributions...
2018-08-13 18:51:11,709 INFO smallPostGre_example_init_db:106 database config loaded...
2018-08-13 18:51:11,715 INFO smallPostGre_example_init_db:108 checking if database exists...
2018-08-13 18:51:11,738 INFO smallPostGre_example_init_db:126 DB already exists, lets continue...
2018-08-13 18:51:11,739 INFO smallPostGre_example_init_db:128 re-connecting specifically to database...
2018-08-13 18:51:11,754 INFO smallPostGre_example_init_db:137 loading intarray extension...
2018-08-13 18:51:11,757 INFO smallPostGre_example_init_db:142 extension already loaded
2018-08-13 18:51:11,759 INFO smallPostGre_example_init_db:148 re-creating any tables (if they exist)...
2018-08-13 18:51:11,795 INFO smallPostGre_example_init_db:172 importing raw data from csv...
2018-08-13 18:51:12,258 INFO smallPostGre_example_init_db:190 creating donors table...
2018-08-13 18:51:12,286 INFO smallPostGre_example_init_db:200 populating donors table...
2018-08-13 18:51:12,486 INFO smallPostGre_example_init_db:212 creating indexes on donors table...
2018-08-13 18:51:12,562 INFO smallPostGre_example_init_db:218 creating recipients table...
2018-08-13 18:51:12,573 INFO smallPostGre_example_init_db:223 populating recipients table...
2018-08-13 18:51:12,590 INFO smallPostGre_example_init_db:229 creating contributions table...
2018-08-13 18:51:12,601 INFO smallPostGre_example_init_db:244 populating contributions table...
2018-08-13 18:51:13,393 INFO smallPostGre_example_init_db:269 creating indexes on contributions...
2018-08-13 18:55:41,970 INFO smallPostGre_example_init_db:106 database config loaded...
2018-08-13 18:55:41,972 INFO smallPostGre_example_init_db:108 checking if database exists...
2018-08-13 18:55:41,991 INFO smallPostGre_example_init_db:126 DB already exists, lets continue...
2018-08-13 18:55:41,992 INFO smallPostGre_example_init_db:128 re-connecting specifically to database...
2018-08-13 18:55:42,005 INFO smallPostGre_example_init_db:137 loading intarray extension...
2018-08-13 18:55:42,007 INFO smallPostGre_example_init_db:142 extension already loaded
2018-08-13 18:55:42,011 INFO smallPostGre_example_init_db:148 re-creating any tables (if they exist)...
2018-08-13 18:55:42,103 INFO smallPostGre_example_init_db:172 importing raw data from csv...
2018-08-13 18:55:42,131 INFO smallPostGre_example_init_db:190 creating donors table...
2018-08-13 18:55:42,148 INFO smallPostGre_example_init_db:200 populating donors table...
2018-08-13 18:55:42,171 INFO smallPostGre_example_init_db:212 creating indexes on donors table...
2018-08-13 18:55:42,193 INFO smallPostGre_example_init_db:218 creating recipients table...
2018-08-13 18:55:42,208 INFO smallPostGre_example_init_db:223 populating recipients table...
2018-08-13 18:55:42,216 INFO smallPostGre_example_init_db:229 creating contributions table...
2018-08-13 18:55:42,220 INFO smallPostGre_example_init_db:244 populating contributions table...
2018-08-13 18:55:42,250 INFO smallPostGre_example_init_db:269 creating indexes on contributions...
2018-08-13 18:55:42,274 INFO smallPostGre_example_init_db:275 nullifying empty strings in donors...
2018-08-13 18:55:42,319 INFO smallPostGre_example_init_db:291 creating processed_donors...
2018-08-13 18:55:42,338 INFO smallPostGre_example_init_db:310 creating index on processed_donors...
2018-08-13 18:55:42,351 INFO smallPostGre_example_init_db:317 ETL job completed
2018-08-13 19:05:11,885 INFO smallPostGre_example_init_db:106 database config loaded...
2018-08-13 19:05:11,887 INFO smallPostGre_example_init_db:108 checking if database exists...
2018-08-13 19:05:11,906 INFO smallPostGre_example_init_db:126 DB already exists, lets continue...
2018-08-13 19:05:11,907 INFO smallPostGre_example_init_db:128 re-connecting specifically to database...
2018-08-13 19:05:11,944 INFO smallPostGre_example_init_db:137 loading intarray extension...
2018-08-13 19:05:11,946 INFO smallPostGre_example_init_db:142 extension already loaded
2018-08-13 19:05:11,949 INFO smallPostGre_example_init_db:148 re-creating any tables (if they exist)...
2018-08-13 19:05:12,078 INFO smallPostGre_example_init_db:172 importing raw data from csv...
2018-08-13 19:05:16,379 INFO smallPostGre_example_init_db:190 creating donors table...
2018-08-13 19:05:16,397 INFO smallPostGre_example_init_db:200 populating donors table...
2018-08-13 19:05:17,763 INFO smallPostGre_example_init_db:212 creating indexes on donors table...
2018-08-13 19:05:18,219 INFO smallPostGre_example_init_db:218 creating recipients table...
2018-08-13 19:05:18,238 INFO smallPostGre_example_init_db:223 populating recipients table...
2018-08-13 19:05:18,314 INFO smallPostGre_example_init_db:229 creating contributions table...
2018-08-13 19:05:18,321 INFO smallPostGre_example_init_db:244 populating contributions table...
2018-08-13 19:05:21,157 INFO smallPostGre_example_init_db:269 creating indexes on contributions...
2018-08-13 19:05:21,615 INFO smallPostGre_example_init_db:275 nullifying empty strings in donors...
2018-08-13 19:05:24,006 INFO smallPostGre_example_init_db:291 creating processed_donors...
2018-08-13 19:05:24,948 INFO smallPostGre_example_init_db:310 creating index on processed_donors...
2018-08-13 19:05:25,065 INFO smallPostGre_example_init_db:317 ETL job completed
2018-08-13 19:08:19,480 INFO smallPostGre_example_init_db:106 database config loaded...
2018-08-13 19:08:19,482 INFO smallPostGre_example_init_db:108 checking if database exists...
2018-08-13 19:08:19,503 INFO smallPostGre_example_init_db:126 DB already exists, lets continue...
2018-08-13 19:08:19,504 INFO smallPostGre_example_init_db:128 re-connecting specifically to database...
2018-08-13 19:08:19,520 INFO smallPostGre_example_init_db:137 loading intarray extension...
2018-08-13 19:08:19,522 INFO smallPostGre_example_init_db:142 extension already loaded
2018-08-13 19:08:19,525 INFO smallPostGre_example_init_db:148 re-creating any tables (if they exist)...
2018-08-13 19:08:19,646 INFO smallPostGre_example_init_db:172 importing raw data from csv...
2018-08-13 19:08:27,688 INFO smallPostGre_example_init_db:190 creating donors table...
2018-08-13 19:08:27,711 INFO smallPostGre_example_init_db:200 populating donors table...
2018-08-13 19:08:32,798 INFO smallPostGre_example_init_db:212 creating indexes on donors table...
2018-08-13 19:08:33,913 INFO smallPostGre_example_init_db:218 creating recipients table...
2018-08-13 19:08:33,931 INFO smallPostGre_example_init_db:223 populating recipients table...
2018-08-13 19:08:34,087 INFO smallPostGre_example_init_db:229 creating contributions table...
2018-08-13 19:08:34,096 INFO smallPostGre_example_init_db:244 populating contributions table...
2018-08-13 19:08:42,141 INFO smallPostGre_example_init_db:269 creating indexes on contributions...
2018-08-13 19:08:43,385 INFO smallPostGre_example_init_db:275 nullifying empty strings in donors...
2018-08-13 19:08:49,282 INFO smallPostGre_example_init_db:291 creating processed_donors...
2018-08-13 19:08:51,193 INFO smallPostGre_example_init_db:310 creating index on processed_donors...
2018-08-13 19:08:51,393 INFO smallPostGre_example_init_db:317 ETL job completed
